<?xml version="1.0" encoding="UTF-8"?>
<robot generator="Robot 4.0.3 (Python 3.9.5 on win32)" generated="20210823 17:16:22.208" rpa="false" schemaversion="2">
<suite id="s1" name="Test1" source="D:\eva\test\appium\robot\test2\mobileTest_appium_robot\testcase\test1.robot">
<test id="s1-t1" name="Start testing">
<kw name="Launch Mobile Apps">
<kw name="Open Application" library="AppiumLibrary">
<arg>${Appium_Server}</arg>
<arg>platformName=${Platform_Name}</arg>
<arg>deviceName=${deviceName}</arg>
<arg>app=${app}</arg>
<doc>Opens a new application to given Appium server.
Capabilities of appium server, Android and iOS,
Please check https://github.com/appium/appium/blob/master/docs/en/writing-running-appium/server-args.md
| *Option*            | *Man.* | *Description*     |
| remote_url          | Yes    | Appium server url |
| alias               | no     | alias             |</doc>
<status status="PASS" starttime="20210823 17:16:22.490" endtime="20210823 17:16:35.625"/>
</kw>
<status status="PASS" starttime="20210823 17:16:22.489" endtime="20210823 17:16:35.626"/>
</kw>
<kw name="Register">
<kw name="Click Element" library="AppiumLibrary">
<arg>${Form.Login.CreateOne.Link}</arg>
<doc>Click element identified by `locator`.</doc>
<msg timestamp="20210823 17:16:35.634" level="INFO">Clicking element 'id=com.loginmodule.learning:id/textViewLinkRegister'.</msg>
<status status="PASS" starttime="20210823 17:16:35.630" endtime="20210823 17:16:36.261"/>
</kw>
<kw name="Sleep" library="BuiltIn">
<arg>2s</arg>
<doc>Pauses the test executed for the given time.</doc>
<msg timestamp="20210823 17:16:38.268" level="INFO">Slept 2 seconds</msg>
<status status="PASS" starttime="20210823 17:16:36.261" endtime="20210823 17:16:38.268"/>
</kw>
<kw name="Wait Until Element Is Visible" library="AppiumLibrary">
<arg>${Form.Register.Name.Txt}</arg>
<doc>Waits until element specified with `locator` is visible.</doc>
<status status="PASS" starttime="20210823 17:16:38.268" endtime="20210823 17:16:38.431"/>
</kw>
<kw name="Input Text" library="AppiumLibrary">
<arg>${Form.Register.Name.Txt}</arg>
<arg>Cloud Strife</arg>
<doc>Types the given `text` into text field identified by `locator`.</doc>
<msg timestamp="20210823 17:16:38.433" level="INFO">Typing text 'Cloud Strife' into text field 'xpath=/hierarchy/android.widget.FrameLayout/android.widget.LinearLayout/android.widget.FrameLayout/android.view.ViewGroup/android.widget.FrameLayout/android.widget.ScrollView/android.support.v7.widget.LinearLayoutCompat/TextInputLayout[1]/android.widget.EditText'</msg>
<status status="PASS" starttime="20210823 17:16:38.431" endtime="20210823 17:16:38.534"/>
</kw>
<kw name="Input Text" library="AppiumLibrary">
<arg>${Form.Register.EmailAddress.Txt}</arg>
<arg>cloud@gmail.com</arg>
<doc>Types the given `text` into text field identified by `locator`.</doc>
<msg timestamp="20210823 17:16:38.538" level="INFO">Typing text 'cloud@gmail.com' into text field 'id=com.loginmodule.learning:id/textInputEditTextEmail'</msg>
<status status="PASS" starttime="20210823 17:16:38.534" endtime="20210823 17:16:39.102"/>
</kw>
<kw name="Input Text" library="AppiumLibrary">
<arg>${Form.Register.Password.Txt}</arg>
<arg>password@1234XX</arg>
<doc>Types the given `text` into text field identified by `locator`.</doc>
<msg timestamp="20210823 17:16:39.107" level="INFO">Typing text 'password@1234XX' into text field 'id=com.loginmodule.learning:id/textInputEditTextPassword'</msg>
<status status="PASS" starttime="20210823 17:16:39.103" endtime="20210823 17:16:39.655"/>
</kw>
<kw name="Input Text" library="AppiumLibrary">
<arg>${Form.Register.PasswordConfirmation.Txt}</arg>
<arg>password@1234XX</arg>
<doc>Types the given `text` into text field identified by `locator`.</doc>
<msg timestamp="20210823 17:16:39.658" level="INFO">Typing text 'password@1234XX' into text field 'id=com.loginmodule.learning:id/textInputEditTextConfirmPassword'</msg>
<status status="PASS" starttime="20210823 17:16:39.655" endtime="20210823 17:16:40.189"/>
</kw>
<kw name="Click Element" library="AppiumLibrary">
<arg>${Form.Register.Register.Btn}</arg>
<doc>Click element identified by `locator`.</doc>
<msg timestamp="20210823 17:16:40.193" level="INFO">Clicking element 'id=com.loginmodule.learning:id/appCompatButtonRegister'.</msg>
<status status="PASS" starttime="20210823 17:16:40.189" endtime="20210823 17:16:40.726"/>
</kw>
<status status="PASS" starttime="20210823 17:16:35.629" endtime="20210823 17:16:40.726"/>
</kw>
<kw name="Go Back" library="AppiumLibrary">
<doc>Goes one step backward in the browser history.</doc>
<status status="PASS" starttime="20210823 17:16:40.727" endtime="20210823 17:16:40.816"/>
</kw>
<kw name="Login">
<kw name="Input Text" library="AppiumLibrary">
<arg>${Form.Login.EmailAddress.Txt}</arg>
<arg>cloud@gmail.com</arg>
<doc>Types the given `text` into text field identified by `locator`.</doc>
<msg timestamp="20210823 17:16:40.822" level="INFO">Typing text 'cloud@gmail.com' into text field 'id=com.loginmodule.learning:id/textInputEditTextEmail'</msg>
<status status="PASS" starttime="20210823 17:16:40.818" endtime="20210823 17:16:41.816"/>
</kw>
<kw name="Input Text" library="AppiumLibrary">
<arg>${Form.Login.Password.Txt}</arg>
<arg>password@1234XX</arg>
<doc>Types the given `text` into text field identified by `locator`.</doc>
<msg timestamp="20210823 17:16:41.820" level="INFO">Typing text 'password@1234XX' into text field 'id=com.loginmodule.learning:id/textInputEditTextPassword'</msg>
<status status="PASS" starttime="20210823 17:16:41.816" endtime="20210823 17:16:42.360"/>
</kw>
<kw name="Click Element" library="AppiumLibrary">
<arg>${Form.Login.Login.Btn}</arg>
<doc>Click element identified by `locator`.</doc>
<msg timestamp="20210823 17:16:42.363" level="INFO">Clicking element 'id=com.loginmodule.learning:id/appCompatButtonLogin'.</msg>
<status status="PASS" starttime="20210823 17:16:42.361" endtime="20210823 17:16:42.910"/>
</kw>
<status status="PASS" starttime="20210823 17:16:40.817" endtime="20210823 17:16:42.911"/>
</kw>
<kw name="Close Application" library="AppiumLibrary">
<doc>Closes the current application and also close webdriver session.</doc>
<status status="PASS" starttime="20210823 17:16:42.911" endtime="20210823 17:16:43.252"/>
</kw>
<status status="PASS" starttime="20210823 17:16:22.488" endtime="20210823 17:16:43.253"/>
</test>
<status status="PASS" starttime="20210823 17:16:22.210" endtime="20210823 17:16:43.256"/>
</suite>
<statistics>
<total>
<stat pass="1" fail="0" skip="0">All Tests</stat>
</total>
<tag>
</tag>
<suite>
<stat pass="1" fail="0" skip="0" id="s1" name="Test1">Test1</stat>
</suite>
</statistics>
<errors>
</errors>
</robot>
